<?xml version="1.0" encoding="UTF-8"?>
<!-- Generated by org.testng.reporters.JUnitReportReporter -->
<testsuite skipped="0" hostname="DESKTOP-8RTIT61" name="TestNG.TestSuit_class2" tests="2" failures="0" timestamp="2021-08-28T00:09:20 IST" time="0.050" errors="0">
  <testcase name="TC4" time="0.004" classname="TestNG.TestSuit_class2"/>
  <system-out>
    <![CDATA[running TC4]]>
  </system-out>
  <testcase name="TC3" time="0.046" classname="TestNG.TestSuit_class2"/>
  <system-out>
    <![CDATA[running TC3]]>
  </system-out>
</testsuite> <!-- TestNG.TestSuit_class2 -->
