<?xml version="1.0" encoding="UTF-8"?>
<!-- Generated by org.testng.reporters.JUnitReportReporter -->
<testsuite skipped="0" hostname="DESKTOP-8RTIT61" name="TestNG.Verification_HardAssert5_assertNull" tests="1" failures="0" timestamp="2021-08-19T18:07:19 IST" time="0.018" errors="0">
  <testcase name="TC1" time="0.018" classname="TestNG.Verification_HardAssert5_assertNull"/>
  <system-out/>
</testsuite> <!-- TestNG.Verification_HardAssert5_assertNull -->
