<?xml version="1.0" encoding="UTF-8"?>
<!-- Generated by org.testng.reporters.JUnitReportReporter -->
<testsuite hostname="DESKTOP-8RTIT61" name="TestNG.Keyaward1_invocation_Count" tests="5" failures="0" timestamp="17 Aug 2021 09:50:52 GMT" time="0.022" errors="0">
  <testcase name="TC1" time="0.001" classname="TestNG.Keyaward1_invocation_Count"/>
  <testcase name="TC1" time="0.002" classname="TestNG.Keyaward1_invocation_Count"/>
  <testcase name="TC1" time="0.016" classname="TestNG.Keyaward1_invocation_Count"/>
  <testcase name="TC1" time="0.001" classname="TestNG.Keyaward1_invocation_Count"/>
  <testcase name="TC1" time="0.002" classname="TestNG.Keyaward1_invocation_Count"/>
</testsuite> <!-- TestNG.Keyaward1_invocation_Count -->
