<?xml version="1.0" encoding="UTF-8"?>
<!-- Generated by org.testng.reporters.JUnitReportReporter -->
<testsuite hostname="DESKTOP-8RTIT61" name="TestNG.Keyward3_Enabled" tests="2" failures="0" timestamp="18 Aug 2021 10:50:30 GMT" time="0.015" errors="0">
  <testcase name="TC1" time="0.014" classname="TestNG.Keyward3_Enabled"/>
  <testcase name="TC2" time="0.001" classname="TestNG.Keyward3_Enabled"/>
</testsuite> <!-- TestNG.Keyward3_Enabled -->
