<?xml version="1.0" encoding="UTF-8"?>
<!-- Generated by org.testng.reporters.JUnitReportReporter -->
<testsuite skipped="0" hostname="DESKTOP-8RTIT61" name="TestNG.RunningOnlyFailTestcase_sample2" tests="1" failures="0" timestamp="2021-08-23T17:41:57 IST" time="0.003" errors="0">
  <testcase name="TC6" time="0.003" classname="TestNG.RunningOnlyFailTestcase_sample2"/>
  <system-out>
    <![CDATA[running TC6]]>
  </system-out>
</testsuite> <!-- TestNG.RunningOnlyFailTestcase_sample2 -->
