<?xml version="1.0" encoding="UTF-8"?>
<!-- Generated by org.testng.reporters.JUnitReportReporter -->
<testsuite hostname="DESKTOP-8RTIT61" name="TestNG.Keyward2_priotity1" tests="2" failures="0" timestamp="18 Aug 2021 10:40:48 GMT" time="0.017" errors="0">
  <testcase name="TC1" time="0.002" classname="TestNG.Keyward2_priotity1"/>
  <testcase name="TC2" time="0.015" classname="TestNG.Keyward2_priotity1"/>
</testsuite> <!-- TestNG.Keyward2_priotity1 -->
