<?xml version="1.0" encoding="UTF-8"?>
<!-- Generated by org.testng.reporters.JUnitReportReporter -->
<testsuite hostname="DESKTOP-8RTIT61" name="TestNG.Keyward3_priority2" tests="3" failures="0" timestamp="18 Aug 2021 10:42:27 GMT" time="0.018" errors="0">
  <testcase name="TC2" time="0.001" classname="TestNG.Keyward3_priority2"/>
  <testcase name="TC3" time="0.015" classname="TestNG.Keyward3_priority2"/>
  <testcase name="TC1" time="0.002" classname="TestNG.Keyward3_priority2"/>
</testsuite> <!-- TestNG.Keyward3_priority2 -->
