<?xml version="1.0" encoding="UTF-8"?>
<!-- Generated by org.testng.reporters.JUnitReportReporter -->
<testsuite skipped="0" hostname="DESKTOP-8RTIT61" name="TestNG.Parallel_Exetion1" tests="1" failures="0" timestamp="2021-08-23T18:11:49 IST" time="32.921" errors="0">
  <testcase name="openApplication1" time="32.921" classname="TestNG.Parallel_Exetion1"/>
  <system-out/>
</testsuite> <!-- TestNG.Parallel_Exetion1 -->
