<?xml version="1.0" encoding="UTF-8"?>
<!-- Generated by org.testng.reporters.JUnitReportReporter -->
<testsuite skipped="1" hostname="DESKTOP-8RTIT61" name="TestNG.disbaleTCExecution1_From_class" tests="2" failures="0" timestamp="2021-08-23T17:54:19 IST" time="0.013" errors="0">
  <testcase name="TC1" time="0.013" classname="TestNG.disbaleTCExecution1_From_class"/>
  <system-out>
    <![CDATA[running TC1]]>
  </system-out>
  <testcase name="TC3" classname="TestNG.disbaleTCExecution1_From_class">
    <skipped/>
  </testcase> <!-- TC3 -->
  <system-out/>
</testsuite> <!-- TestNG.disbaleTCExecution1_From_class -->
