<?xml version="1.0" encoding="UTF-8"?>
<!-- Generated by org.testng.reporters.JUnitReportReporter -->
<testsuite skipped="0" hostname="DESKTOP-8RTIT61" name="TestNG.TestSuit_class1" tests="2" failures="0" timestamp="2021-08-28T00:21:25 IST" time="0.015" errors="0">
  <testcase name="TC2" time="0.002" classname="TestNG.TestSuit_class1"/>
  <system-out>
    <![CDATA[running TC2]]>
  </system-out>
  <testcase name="TC1" time="0.013" classname="TestNG.TestSuit_class1"/>
  <system-out>
    <![CDATA[running TC1]]>
  </system-out>
</testsuite> <!-- TestNG.TestSuit_class1 -->
