<?xml version="1.0" encoding="UTF-8"?>
<!-- Generated by org.testng.reporters.JUnitReportReporter -->
<testsuite skipped="0" hostname="DESKTOP-8RTIT61" name="TestNG.example8_sample1" tests="3" failures="0" timestamp="2021-08-23T17:33:33 IST" time="0.018" errors="0">
  <testcase name="TC2" time="0.003" classname="TestNG.example8_sample1"/>
  <system-out>
    <![CDATA[running TC2]]>
  </system-out>
  <testcase name="TC3" time="0.002" classname="TestNG.example8_sample1"/>
  <system-out>
    <![CDATA[running TC3]]>
  </system-out>
  <testcase name="TC1" time="0.013" classname="TestNG.example8_sample1"/>
  <system-out>
    <![CDATA[running TC1]]>
  </system-out>
</testsuite> <!-- TestNG.example8_sample1 -->
