<?xml version="1.0" encoding="UTF-8"?>
<!-- Generated by org.testng.reporters.JUnitReportReporter -->
<testsuite skipped="0" hostname="DESKTOP-8RTIT61" name="TestNG.Annotations_TestNG" tests="2" failures="0" timestamp="2021-08-19T17:57:21 IST" time="0.026" errors="0">
  <testcase name="verifyUserID1" time="0.021" classname="TestNG.Annotations_TestNG"/>
  <system-out>
    <![CDATA[running verifyUserID1 Test script ]]>
  </system-out>
  <testcase name="verifyUserID2" time="0.005" classname="TestNG.Annotations_TestNG"/>
  <system-out>
    <![CDATA[running verifyUserID2 Test script ]]>
  </system-out>
</testsuite> <!-- TestNG.Annotations_TestNG -->
