<?xml version="1.0" encoding="UTF-8"?>
<!-- Generated by org.testng.reporters.JUnitReportReporter -->
<testsuite skipped="0" hostname="DESKTOP-8RTIT61" name="TestNG.example8_sample2" tests="3" failures="0" timestamp="2021-08-23T17:33:33 IST" time="0.006" errors="0">
  <testcase name="TC6" time="0.002" classname="TestNG.example8_sample2"/>
  <system-out>
    <![CDATA[running TC6]]>
  </system-out>
  <testcase name="TC4" time="0.002" classname="TestNG.example8_sample2"/>
  <system-out>
    <![CDATA[running TC4]]>
  </system-out>
  <testcase name="TC5" time="0.002" classname="TestNG.example8_sample2"/>
  <system-out>
    <![CDATA[running TC5]]>
  </system-out>
</testsuite> <!-- TestNG.example8_sample2 -->
