<?xml version="1.0" encoding="UTF-8"?>
<!-- Generated by org.testng.reporters.JUnitReportReporter -->
<testsuite hostname="DESKTOP-8RTIT61" name="TestNG.TestNG_Annotations" tests="2" failures="0" timestamp="17 Aug 2021 09:40:19 GMT" time="0.014" errors="0">
  <testcase name="verifyUserID1" time="0.008" classname="TestNG.TestNG_Annotations"/>
  <testcase name="verifyUserID2" time="0.006" classname="TestNG.TestNG_Annotations"/>
</testsuite> <!-- TestNG.TestNG_Annotations -->
