<?xml version="1.0" encoding="UTF-8"?>
<!-- Generated by org.testng.reporters.JUnitReportReporter -->
<testsuite hostname="DESKTOP-8RTIT61" name="TestNG.Keyward2_priority3" tests="4" failures="0" timestamp="18 Aug 2021 10:45:49 GMT" time="0.020" errors="0">
  <testcase name="TC3" time="0.002" classname="TestNG.Keyward2_priority3"/>
  <testcase name="TC4" time="0.016" classname="TestNG.Keyward2_priority3"/>
  <testcase name="TC1" time="0.001" classname="TestNG.Keyward2_priority3"/>
  <testcase name="TC2" time="0.001" classname="TestNG.Keyward2_priority3"/>
</testsuite> <!-- TestNG.Keyward2_priority3 -->
