<?xml version="1.0" encoding="UTF-8"?>
<!-- Generated by org.testng.reporters.JUnitReportReporter -->
<testsuite skipped="0" hostname="DESKTOP-8RTIT61" name="TestNG.RunningOnlyFailTestcase_sample1" tests="1" failures="0" timestamp="2021-08-23T17:41:57 IST" time="0.013" errors="0">
  <testcase name="TC3" time="0.013" classname="TestNG.RunningOnlyFailTestcase_sample1"/>
  <system-out>
    <![CDATA[running TC3]]>
  </system-out>
</testsuite> <!-- TestNG.RunningOnlyFailTestcase_sample1 -->
