<?xml version="1.0" encoding="UTF-8"?>
<!-- Generated by org.testng.reporters.JUnitReportReporter -->
<testsuite hostname="DESKTOP-8RTIT61" name="TestNG.Example1" tests="1" failures="0" timestamp="17 Aug 2021 09:00:53 GMT" time="9.374" errors="0">
  <testcase name="TC1" time="9.374" classname="TestNG.Example1"/>
</testsuite> <!-- TestNG.Example1 -->
