<?xml version="1.0" encoding="UTF-8"?>
<!-- Generated by org.testng.reporters.JUnitReportReporter -->
<testsuite hostname="DESKTOP-8RTIT61" name="TestNG.Keyward2_priority4" tests="7" failures="0" timestamp="18 Aug 2021 10:48:01 GMT" time="0.019" errors="0">
  <testcase name="TC1" time="0.001" classname="TestNG.Keyward2_priority4"/>
  <testcase name="TC3" time="0.014" classname="TestNG.Keyward2_priority4"/>
  <testcase name="TC2" time="0.001" classname="TestNG.Keyward2_priority4"/>
  <testcase name="TC2" time="0.000" classname="TestNG.Keyward2_priority4"/>
  <testcase name="TC2" time="0.001" classname="TestNG.Keyward2_priority4"/>
  <testcase name="TC2" time="0.001" classname="TestNG.Keyward2_priority4"/>
  <testcase name="TC2" time="0.001" classname="TestNG.Keyward2_priority4"/>
</testsuite> <!-- TestNG.Keyward2_priority4 -->
