<?xml version="1.0" encoding="UTF-8"?>
<!-- Generated by org.testng.reporters.JUnitReportReporter -->
<testsuite hostname="DESKTOP-8RTIT61" name="TestNG.Keyward4_Timeouts" tests="2" failures="0" timestamp="18 Aug 2021 10:53:30 GMT" time="4.045" errors="0">
  <testcase name="TC2" time="0.006" classname="TestNG.Keyward4_Timeouts"/>
  <testcase name="TC1" time="4.039" classname="TestNG.Keyward4_Timeouts"/>
</testsuite> <!-- TestNG.Keyward4_Timeouts -->
